Z:\BARRETTHAND\OFFLINEWRAPPER\RELEASE\APP.OBJ
Z:\BARRETTHAND\OFFLINEWRAPPER\RELEASE\BH280.OBJ
Z:\BarrettHand\OfflineWrapper\Release\BHandAppHelper.obj
Z:\BarrettHand\OfflineWrapper\Release\cl.command.1.tlog
Z:\BarrettHand\OfflineWrapper\Release\CL.read.1.tlog
Z:\BarrettHand\OfflineWrapper\Release\CL.write.1.tlog
Z:\BARRETTHAND\OFFLINEWRAPPER\RELEASE\GRAPHICS.OBJ
Z:\BarrettHand\OfflineWrapper\Release\link.command.1.tlog
Z:\BarrettHand\OfflineWrapper\Release\link.read.1.tlog
Z:\BarrettHand\OfflineWrapper\Release\link.write.1.tlog
Z:\BARRETTHAND\OFFLINEWRAPPER\RELEASE\MAIN.OBJ
Z:\BARRETTHAND\OFFLINEWRAPPER\RELEASE\OFFLINEWRAPPER.PCH
Z:\BarrettHand\OfflineWrapper\Release\RTserver.pch
Z:\BarrettHand\OfflineWrapper\Release\server.obj
Z:\BARRETTHAND\OFFLINEWRAPPER\RELEASE\STDAFX.OBJ
Z:\BarrettHand\OfflineWrapper\Release\timeofday.obj
Z:\BARRETTHAND\OFFLINEWRAPPER\RELEASE\VC100.PDB
Z:\BARRETTHAND\RTSERVER\RELEASE\APP.OBJ
Z:\BARRETTHAND\RTSERVER\RELEASE\BH280.OBJ
Z:\BARRETTHAND\RTSERVER\RELEASE\BHANDAPPHELPER.OBJ
Z:\BARRETTHAND\RTSERVER\RELEASE\RTSERVER.PCH
Z:\BARRETTHAND\RTSERVER\RELEASE\SERVER.OBJ
Z:\BARRETTHAND\RTSERVER\RELEASE\STDAFX.OBJ
Z:\BARRETTHAND\RTSERVER\RELEASE\TIMEOFDAY.OBJ
Z:\BARRETTHAND\RTSERVER\RELEASE\VC100.PDB
