Build started 2.4.2012 16:08:44.
     1>Project "Z:\BarrettHand\OfflineWrapper\OfflineWrapper.vcxproj" on node 2 (rebuild target(s)).
     1>_PrepareForClean:
         Deleting file "Release\OfflineWrapper.lastbuildstate".
       InitializeBuildStatus:
         Creating "Release\OfflineWrapper.unsuccessfulbuild" because "AlwaysCreate" was specified.
       ClCompile:
         C:\Program Files (x86)\Microsoft Visual Studio 10.0\VC\bin\CL.exe /c /I.\port2win /I"C:\Program Files (x86)\Barrett Technology\BHand\ThirdParty\include" /I"C:\Program Files (x86)\Barrett Technology\BHand\ThirdParty\ctb-0.14\include" /I"C:\Program Files (x86)\Barrett Technology\BHand\ThirdParty\Pcan" /I"C:\poco-1.3.6p2\Foundation\include" /I"C:\wxWidgets-2.8.11\lib\vc_lib\msw\wx" /I"C:\wxWidgets-2.8.11\lib\vc_lib\msw" /I"C:\wxWidgets-2.8.11\include" /I"C:\Program Files (x86)\Barrett Technology\BHand\API" /I..\openGL\GL /Zi /nologo /W3 /WX- /O2 /Oi /Oy- /GL /D POCO_STATIC /D __WXMSW__ /D _WINDOWS /D WIN32 /D NDEBUG /D _CONSOLE /D WINDOWS /D _CRT_SECURE_NO_DEPRECATE /D _UNICODE /D UNICODE /GF /Gm- /EHsc /MD /GS /Gy /fp:precise /Zc:wchar_t /Zc:forScope /Yc"StdAfx.h" /Fp"Release\OfflineWrapper.pch" /Fo"Release\\" /Fd"Release\vc100.pdb" /Gd /TP /analyze- /errorReport:prompt stdafx.cpp
         stdafx.cpp
         C:\Program Files (x86)\Microsoft Visual Studio 10.0\VC\bin\CL.exe /c /I.\port2win /I"C:\Program Files (x86)\Barrett Technology\BHand\ThirdParty\include" /I"C:\Program Files (x86)\Barrett Technology\BHand\ThirdParty\ctb-0.14\include" /I"C:\Program Files (x86)\Barrett Technology\BHand\ThirdParty\Pcan" /I"C:\poco-1.3.6p2\Foundation\include" /I"C:\wxWidgets-2.8.11\lib\vc_lib\msw\wx" /I"C:\wxWidgets-2.8.11\lib\vc_lib\msw" /I"C:\wxWidgets-2.8.11\include" /I"C:\Program Files (x86)\Barrett Technology\BHand\API" /I..\openGL\GL /Zi /nologo /W3 /WX- /O2 /Oi /Oy- /GL /D POCO_STATIC /D __WXMSW__ /D _WINDOWS /D WIN32 /D NDEBUG /D _CONSOLE /D WINDOWS /D _CRT_SECURE_NO_DEPRECATE /D _UNICODE /D UNICODE /GF /Gm- /EHsc /MD /GS /Gy /fp:precise /Zc:wchar_t /Zc:forScope /Fo"Release\\" /Fd"Release\vc100.pdb" /Gd /TP /analyze- /errorReport:prompt ..\port2win\BHandAppHelper.cpp ..\port2win\timeofday.cpp app.cpp bh280.cpp graphics.cpp main.cpp
         BHandAppHelper.cpp
         timeofday.cpp
         app.cpp
     1>z:\barretthand\offlinewrapper\app.h(24): warning C4067: unexpected tokens following preprocessor directive - expected a newline
         bh280.cpp
     1>z:\barretthand\offlinewrapper\app.h(24): warning C4067: unexpected tokens following preprocessor directive - expected a newline
     1>bh280.cpp(77): warning C4390: ';' : empty controlled statement found; is this the intent?
     1>bh280.cpp(168): warning C4101: 'Tstart' : unreferenced local variable
     1>bh280.cpp(170): warning C4101: 'Tbefore' : unreferenced local variable
     1>bh280.cpp(169): warning C4101: 'Tnow' : unreferenced local variable
     1>bh280.cpp(221): warning C4101: 'Tstart' : unreferenced local variable
     1>bh280.cpp(223): warning C4101: 'Tbefore' : unreferenced local variable
     1>bh280.cpp(222): warning C4101: 'Tnow' : unreferenced local variable
         graphics.cpp
     1>z:\barretthand\offlinewrapper\app.h(24): warning C4067: unexpected tokens following preprocessor directive - expected a newline
     1>z:\barretthand\offlinewrapper\graphics.h(8): warning C4067: unexpected tokens following preprocessor directive - expected a newline
     1>graphics.cpp(68): warning C4101: 'Rx' : unreferenced local variable
     1>graphics.cpp(76): warning C4101: 'color' : unreferenced local variable
     1>graphics.cpp(70): warning C4101: 'xModel' : unreferenced local variable
     1>graphics.cpp(70): warning C4101: 'yModel' : unreferenced local variable
     1>graphics.cpp(67): warning C4101: 'd2' : unreferenced local variable
     1>graphics.cpp(68): warning C4101: 'Ry' : unreferenced local variable
     1>graphics.cpp(67): warning C4101: 'd1' : unreferenced local variable
         main.cpp
     1>z:\barretthand\offlinewrapper\app.h(24): warning C4067: unexpected tokens following preprocessor directive - expected a newline
     1>z:\barretthand\offlinewrapper\graphics.h(8): warning C4067: unexpected tokens following preprocessor directive - expected a newline
     1>C:\Program Files (x86)\MSBuild\Microsoft.Cpp\v4.0\Microsoft.CppBuild.targets(990,5): warning MSB8012: TargetPath(Z:\BarrettHand\Release\OfflineWrapper.exe) does not match the Linker's OutputFile property value (Z:\BarrettHand\bin-win\OfflineWrapper.exe). This may cause your project to build incorrectly. To correct this, please make sure that $(OutDir), $(TargetName) and $(TargetExt) property values match the value specified in %(Link.OutputFile).
       Link:
         C:\Program Files (x86)\Microsoft Visual Studio 10.0\VC\bin\link.exe /ERRORREPORT:PROMPT /OUT:"..\bin-win\OfflineWrapper.exe" /INCREMENTAL:NO /NOLOGO /LIBPATH:.\openGL /LIBPATH:"C:\Program Files (x86)\Barrett Technology\BHand\ThirdParty\ctb-0.14\lib" /LIBPATH:"C:\Program Files (x86)\Barrett Technology\BHand\ThirdParty\lib" /LIBPATH:"C:\poco-1.3.6p2\lib" /LIBPATH:"C:\wxWidgets-2.8.11\lib\vc_lib" /LIBPATH:"C:\Program Files (x86)\Barrett Technology\BHand\API\lib" PocoFoundationmt.lib BHand.lib wxmsw28_gl.lib wxmsw28_core.lib wxbase28.lib comctl32.lib rpcrt4.lib wsock32.lib opengl32.lib glu32.lib glut32.lib Pcan_usb.lib winmm.lib kernel32.lib user32.lib gdi32.lib winspool.lib comdlg32.lib advapi32.lib shell32.lib ole32.lib oleaut32.lib uuid.lib odbc32.lib odbccp32.lib /MANIFEST /ManifestFile:"Release\OfflineWrapper.exe.intermediate.manifest" /MANIFESTUAC:"level='asInvoker' uiAccess='false'" /PDB:"Z:\BarrettHand\Release\OfflineWrapper.pdb" /SUBSYSTEM:CONSOLE /LTCG /TLBID:1 /DYNAMICBASE /NXCOMPAT /IMPLIB:"Z:\BarrettHand\Release\OfflineWrapper.lib" /MACHINE:X86 Release\BHandAppHelper.obj
         Release\timeofday.obj
         Release\app.obj
         Release\bh280.obj
         Release\graphics.obj
         Release\main.obj
         Release\stdafx.obj
         Generating code
         Finished generating code
         OfflineWrapper.vcxproj -> Z:\BarrettHand\Release\OfflineWrapper.exe
       Manifest:
         C:\Program Files (x86)\Microsoft SDKs\Windows\v7.0A\bin\mt.exe /nologo /verbose /outputresource:"..\bin-win\OfflineWrapper.exe;#1" /manifest Release\OfflineWrapper.exe.intermediate.manifest
       FinalizeBuildStatus:
         Deleting file "Release\OfflineWrapper.unsuccessfulbuild".
         Touching "Release\OfflineWrapper.lastbuildstate".
     1>Done Building Project "Z:\BarrettHand\OfflineWrapper\OfflineWrapper.vcxproj" (rebuild target(s)).

Build succeeded.

Time Elapsed 00:00:24.64
