This is pdfTeX, Version 3.1415926-1.40.11 (MiKTeX 2.9) (preloaded format=pdflatex 2011.5.9)  26 APR 2012 14:06
entering extended mode
**report.tex
(E:\matjaz\BarrettHand\report\report.tex
LaTeX2e <2009/09/24>
Babel <v3.8l> and hyphenation patterns for english, afrikaans, ancientgreek, ar
abic, armenian, assamese, basque, bengali, bokmal, bulgarian, catalan, coptic, 
croatian, czech, danish, dutch, esperanto, estonian, farsi, finnish, french, ga
lician, german, german-x-2009-06-19, greek, gujarati, hindi, hungarian, iceland
ic, indonesian, interlingua, irish, italian, kannada, kurmanji, lao, latin, lat
vian, lithuanian, malayalam, marathi, mongolian, mongolianlmc, monogreek, ngerm
an, ngerman-x-2009-06-19, nynorsk, oriya, panjabi, pinyin, polish, portuguese, 
romanian, russian, sanskrit, serbian, slovak, slovenian, spanish, swedish, swis
sgerman, tamil, telugu, turkish, turkmen, ukenglish, ukrainian, uppersorbian, u
senglishmax, welsh, loaded.
("C:\Program Files (x86)\MiKTeX 2.9\tex\latex\base\article.cls"
Document Class: article 2007/10/19 v1.4h Standard LaTeX document class
("C:\Program Files (x86)\MiKTeX 2.9\tex\latex\base\size12.clo"
File: size12.clo 2007/10/19 v1.4h Standard LaTeX file (size option)
)
\c@part=\count79
\c@section=\count80
\c@subsection=\count81
\c@subsubsection=\count82
\c@paragraph=\count83
\c@subparagraph=\count84
\c@figure=\count85
\c@table=\count86
\abovecaptionskip=\skip41
\belowcaptionskip=\skip42
\bibindent=\dimen102
)
("C:\Program Files (x86)\MiKTeX 2.9\tex\latex\geometry\geometry.sty"
Package: geometry 2010/09/12 v5.6 Page Geometry

("C:\Program Files (x86)\MiKTeX 2.9\tex\latex\graphics\keyval.sty"
Package: keyval 1999/03/16 v1.13 key=value parser (DPC)
\KV@toks@=\toks14
)
("C:\Program Files (x86)\MiKTeX 2.9\tex\generic\oberdiek\ifpdf.sty"
Package: ifpdf 2011/01/30 v2.3 Provides the ifpdf switch (HO)
Package ifpdf Info: pdfTeX in PDF mode is detected.
)
("C:\Program Files (x86)\MiKTeX 2.9\tex\generic\oberdiek\ifvtex.sty"
Package: ifvtex 2010/03/01 v1.5 Switches for detecting VTeX and its modes (HO)
Package ifvtex Info: VTeX not detected.
)
("C:\Program Files (x86)\MiKTeX 2.9\tex\generic\ifxetex\ifxetex.sty"
Package: ifxetex 2010/09/12 v0.6 Provides ifxetex conditional
)
\Gm@cnth=\count87
\Gm@cntv=\count88
\c@Gm@tempcnt=\count89
\Gm@bindingoffset=\dimen103
\Gm@wd@mp=\dimen104
\Gm@odd@mp=\dimen105
\Gm@even@mp=\dimen106
\Gm@layoutwidth=\dimen107
\Gm@layoutheight=\dimen108
\Gm@layouthoffset=\dimen109
\Gm@layoutvoffset=\dimen110
\Gm@dimlist=\toks15

("C:\Program Files (x86)\MiKTeX 2.9\tex\latex\geometry\geometry.cfg")

Package geometry Warning: Over-specification in `h'-direction.
    `width' (455.24408pt) is ignored.


Package geometry Warning: Over-specification in `v'-direction.
    `height' (711.3189pt) is ignored.

) ("C:\Program Files (x86)\MiKTeX 2.9\tex\latex\hyperref\hyperref.sty"
Package: hyperref 2011/04/17 v6.82g Hypertext links for LaTeX

("C:\Program Files (x86)\MiKTeX 2.9\tex\generic\oberdiek\hobsub-hyperref.sty"
Package: hobsub-hyperref 2011/04/18 v1.3 Bundle oberdiek, subset hyperref (HO)

("C:\Program Files (x86)\MiKTeX 2.9\tex\generic\oberdiek\hobsub-generic.sty"
Package: hobsub-generic 2011/04/18 v1.3 Bundle oberdiek, subset generic (HO)
Package: hobsub 2011/04/18 v1.3 Subsetting bundle oberdiek (HO)
Package: infwarerr 2010/04/08 v1.3 Providing info/warning/message (HO)
Package: ltxcmds 2011/04/18 v1.20 LaTeX kernel commands for general use (HO)
Package: ifluatex 2010/03/01 v1.3 Provides the ifluatex switch (HO)
Package ifluatex Info: LuaTeX not detected.
Package hobsub Info: Skipping package `ifvtex' (already loaded).
Package: intcalc 2007/09/27 v1.1 Expandable integer calculations (HO)
Package hobsub Info: Skipping package `ifpdf' (already loaded).
Package: etexcmds 2011/02/16 v1.5 Prefix for e-TeX command names (HO)
Package etexcmds Info: Could not find \expanded.
(etexcmds)             That can mean that you are not using pdfTeX 1.50 or
(etexcmds)             that some package has redefined \expanded.
(etexcmds)             In the latter case, load this package earlier.
Package: kvsetkeys 2011/04/07 v1.13 Key value parser (HO)
Package: kvdefinekeys 2011/04/07 v1.3 Defining keys (HO)
Package: pdftexcmds 2011/04/16 v0.15 Utilities of pdfTeX for LuaTeX (HO)
Package pdftexcmds Info: LuaTeX not detected.
Package pdftexcmds Info: \pdf@primitive is available.
Package pdftexcmds Info: \pdf@ifprimitive is available.
Package pdftexcmds Info: \pdfdraftmode found.
Package: pdfescape 2011/04/04 v1.12 Provides string conversions (HO)
Package: bigintcalc 2011/01/30 v1.2 Expandable big integer calculations (HO)
Package: bitset 2011/01/30 v1.1 Data type bit set (HO)
Package: uniquecounter 2011/01/30 v1.2 Provides unlimited unique counter (HO)
)
Package hobsub Info: Skipping package `hobsub' (already loaded).
Package: letltxmacro 2010/09/02 v1.4 Let assignment for LaTeX macros (HO)
Package: hopatch 2011/01/30 v1.0 Wrapper for package hooks (HO)
Package: xcolor-patch 2011/01/30 xcolor patch
Package: atveryend 2011/04/15 v1.6 Hooks at very end of document (HO)
Package atveryend Info: \enddocument detected (standard).
Package: atbegshi 2011/01/30 v1.15 At begin shipout hook (HO)
Package: refcount 2010/12/01 v3.2 Data extraction from references (HO)
Package: hycolor 2011/01/30 v1.7 Color options of hyperref/bookmark (HO)
)
("C:\Program Files (x86)\MiKTeX 2.9\tex\latex\oberdiek\kvoptions.sty"
Package: kvoptions 2010/12/23 v3.10 Keyval support for LaTeX options (HO)
)
\@linkdim=\dimen111
\Hy@linkcounter=\count90
\Hy@pagecounter=\count91

("C:\Program Files (x86)\MiKTeX 2.9\tex\latex\hyperref\pd1enc.def"
File: pd1enc.def 2011/04/17 v6.82g Hyperref: PDFDocEncoding definition (HO)
)
\Hy@SavedSpaceFactor=\count92

("C:\Program Files (x86)\MiKTeX 2.9\tex\latex\00miktex\hyperref.cfg"
File: hyperref.cfg 2002/06/06 v1.2 hyperref configuration of TeXLive
)
Package hyperref Info: Hyper figures OFF on input line 4026.
Package hyperref Info: Link nesting OFF on input line 4031.
Package hyperref Info: Hyper index ON on input line 4034.
Package hyperref Info: Plain pages OFF on input line 4041.
Package hyperref Info: Backreferencing OFF on input line 4046.
Package hyperref Info: Implicit mode ON; LaTeX internals redefined.
Package hyperref Info: Bookmarks ON on input line 4264.
\c@Hy@tempcnt=\count93

("C:\Program Files (x86)\MiKTeX 2.9\tex\latex\ltxmisc\url.sty"
\Urlmuskip=\muskip10
Package: url 2006/04/12  ver 3.3  Verb mode for urls, etc.
)
LaTeX Info: Redefining \url on input line 4617.
\Fld@menulength=\count94
\Field@Width=\dimen112
\Fld@charsize=\dimen113
Package hyperref Info: Hyper figures OFF on input line 5701.
Package hyperref Info: Link nesting OFF on input line 5706.
Package hyperref Info: Hyper index ON on input line 5709.
Package hyperref Info: backreferencing OFF on input line 5716.
Package hyperref Info: Link coloring OFF on input line 5721.
Package hyperref Info: Link coloring with OCG OFF on input line 5726.
Package hyperref Info: PDF/A mode OFF on input line 5731.
LaTeX Info: Redefining \ref on input line 5771.
LaTeX Info: Redefining \pageref on input line 5775.
\Hy@abspage=\count95
\c@Item=\count96
\c@Hfootnote=\count97
)

Package hyperref Message: Driver: hpdftex.

("C:\Program Files (x86)\MiKTeX 2.9\tex\latex\hyperref\hpdftex.def"
File: hpdftex.def 2011/04/17 v6.82g Hyperref driver for pdfTeX
\Fld@listcount=\count98
\c@bookmark@seq@number=\count99

("C:\Program Files (x86)\MiKTeX 2.9\tex\latex\oberdiek\rerunfilecheck.sty"
Package: rerunfilecheck 2011/04/15 v1.7 Rerun checks for auxiliary files (HO)
Package uniquecounter Info: New unique counter `rerunfilecheck' on input line 2
82.
)
\Hy@SectionHShift=\skip43
)
("C:\Program Files (x86)\MiKTeX 2.9\tex\latex\xcolor\xcolor.sty"
Package: xcolor 2007/01/21 v2.11 LaTeX color extensions (UK)

("C:\Program Files (x86)\MiKTeX 2.9\tex\latex\00miktex\color.cfg"
File: color.cfg 2007/01/18 v1.5 color configuration of teTeX/TeXLive
)
Package xcolor Info: Driver file: pdftex.def on input line 225.

("C:\Program Files (x86)\MiKTeX 2.9\tex\latex\pdftex-def\pdftex.def"
File: pdftex.def 2011/01/28 v0.05d Graphics/color for pdfTeX
\Gread@gobject=\count100
)
("C:\Program Files (x86)\MiKTeX 2.9\tex\latex\colortbl\colortbl.sty"
Package: colortbl 2001/02/13 v0.1j Color table columns (DPC)

("C:\Program Files (x86)\MiKTeX 2.9\tex\latex\tools\array.sty"
Package: array 2008/09/09 v2.4c Tabular extension package (FMi)
\col@sep=\dimen114
\extrarowheight=\dimen115
\NC@list=\toks16
\extratabsurround=\skip44
\backup@length=\skip45
)
\everycr=\toks17
\minrowclearance=\skip46
)
\rownum=\count101
Package xcolor Info: Model `cmy' substituted by `cmy0' on input line 1337.
Package xcolor Info: Model `hsb' substituted by `rgb' on input line 1341.
Package xcolor Info: Model `RGB' extended on input line 1353.
Package xcolor Info: Model `HTML' substituted by `rgb' on input line 1355.
Package xcolor Info: Model `Hsb' substituted by `hsb' on input line 1356.
Package xcolor Info: Model `tHsb' substituted by `hsb' on input line 1357.
Package xcolor Info: Model `HSB' substituted by `hsb' on input line 1358.
Package xcolor Info: Model `Gray' substituted by `gray' on input line 1359.
Package xcolor Info: Model `wave' substituted by `hsb' on input line 1360.
)
("C:\Program Files (x86)\MiKTeX 2.9\tex\latex\graphics\graphicx.sty"
Package: graphicx 1999/02/16 v1.0f Enhanced LaTeX Graphics (DPC,SPQR)

("C:\Program Files (x86)\MiKTeX 2.9\tex\latex\graphics\graphics.sty"
Package: graphics 2009/02/05 v1.0o Standard LaTeX Graphics (DPC,SPQR)

("C:\Program Files (x86)\MiKTeX 2.9\tex\latex\graphics\trig.sty"
Package: trig 1999/03/16 v1.09 sin cos tan (DPC)
)
("C:\Program Files (x86)\MiKTeX 2.9\tex\latex\00miktex\graphics.cfg"
File: graphics.cfg 2007/01/18 v1.5 graphics configuration of teTeX/TeXLive
)
Package graphics Info: Driver file: pdftex.def on input line 91.
)
\Gin@req@height=\dimen116
\Gin@req@width=\dimen117
)
("C:\Program Files (x86)\MiKTeX 2.9\tex\latex\float\float.sty"
Package: float 2001/11/08 v1.3d Float enhancements (AL)
\c@float@type=\count102
\float@exts=\toks18
\float@box=\box26
\@float@everytoks=\toks19
\@floatcapt=\box27
)
("C:\Program Files (x86)\MiKTeX 2.9\tex\latex\wrapfig\wrapfig.sty"
\wrapoverhang=\dimen118
\WF@size=\dimen119
\c@WF@wrappedlines=\count103
\WF@box=\box28
\WF@everypar=\toks20
Package: wrapfig 2003/01/31  v 3.6
)
("C:\Program Files (x86)\MiKTeX 2.9\tex\latex\base\makeidx.sty"
Package: makeidx 2000/03/29 v1.0m Standard LaTeX package
)
("C:\Program Files (x86)\MiKTeX 2.9\tex\latex\oberdiek\epstopdf.sty"
Package: epstopdf 2010/02/09 v2.5 Conversion with epstopdf on the fly (HO)

("C:\Program Files (x86)\MiKTeX 2.9\tex\latex\oberdiek\epstopdf-base.sty"
Package: epstopdf-base 2010/02/09 v2.5 Base part for package epstopdf

("C:\Program Files (x86)\MiKTeX 2.9\tex\latex\oberdiek\grfext.sty"
Package: grfext 2010/08/19 v1.1 Managing graphics extensions (HO)
)
Package grfext Info: Graphics extension search list:
(grfext)             [.png,.pdf,.jpg,.mps,.jpeg,.jbig2,.jb2,.PNG,.PDF,.JPG,.JPE
G,.JBIG2,.JB2,.eps]
(grfext)             \AppendGraphicsExtensions on input line 452.
))
(E:\matjaz\BarrettHand\report\myijs.sty)
(E:\matjaz\BarrettHand\report\report.aux)
LaTeX Font Info:    Checking defaults for OML/cmm/m/it on input line 18.
LaTeX Font Info:    ... okay on input line 18.
LaTeX Font Info:    Checking defaults for T1/cmr/m/n on input line 18.
LaTeX Font Info:    ... okay on input line 18.
LaTeX Font Info:    Checking defaults for OT1/cmr/m/n on input line 18.
LaTeX Font Info:    ... okay on input line 18.
LaTeX Font Info:    Checking defaults for OMS/cmsy/m/n on input line 18.
LaTeX Font Info:    ... okay on input line 18.
LaTeX Font Info:    Checking defaults for OMX/cmex/m/n on input line 18.
LaTeX Font Info:    ... okay on input line 18.
LaTeX Font Info:    Checking defaults for U/cmr/m/n on input line 18.
LaTeX Font Info:    ... okay on input line 18.
LaTeX Font Info:    Checking defaults for PD1/pdf/m/n on input line 18.
LaTeX Font Info:    ... okay on input line 18.

*geometry* driver: auto-detecting
*geometry* detected driver: pdftex
*geometry* verbose mode - [ preamble ] result:
* driver: pdftex
* paper: a4paper
* layout: <same size as paper>
* layoutoffset:(h,v)=(0.0pt,0.0pt)
* modes: twoside 
* h-part:(L,W,R)=(71.13188pt, 455.24411pt, 71.13188pt)
* v-part:(T,H,B)=(71.13188pt, 702.78308pt, 71.13188pt)
* \paperwidth=597.50787pt
* \paperheight=845.04684pt
* \textwidth=455.24411pt
* \textheight=702.78308pt
* \oddsidemargin=-1.1381pt
* \evensidemargin=-1.1381pt
* \topmargin=-1.1381pt
* \headheight=0.0pt
* \headsep=0.0pt
* \topskip=12.0pt
* \footskip=30.0pt
* \marginparwidth=95.0pt
* \marginparsep=10.0pt
* \columnsep=10.0pt
* \skip\footins=10.8pt plus 4.0pt minus 2.0pt
* \hoffset=0.0pt
* \voffset=0.0pt
* \mag=1000
* \@twocolumnfalse
* \@twosidetrue
* \@mparswitchtrue
* \@reversemarginfalse
* (1in=72.27pt=25.4mm, 1cm=28.453pt)

\AtBeginShipoutBox=\box29
Package hyperref Info: Link coloring OFF on input line 18.
("C:\Program Files (x86)\MiKTeX 2.9\tex\latex\hyperref\nameref.sty"
Package: nameref 2010/04/30 v2.40 Cross-referencing by name of section

("C:\Program Files (x86)\MiKTeX 2.9\tex\generic\oberdiek\gettitlestring.sty"
Package: gettitlestring 2010/12/03 v1.4 Cleanup title references (HO)
)
\c@section@level=\count104
)
LaTeX Info: Redefining \ref on input line 18.
LaTeX Info: Redefining \pageref on input line 18.
LaTeX Info: Redefining \nameref on input line 18.

(E:\matjaz\BarrettHand\report\report.out)
(E:\matjaz\BarrettHand\report\report.out)
\@outlinefile=\write3

("C:\Program Files (x86)\MiKTeX 2.9\tex\context\base\supp-pdf.mkii"
[Loading MPS to PDF converter (version 2006.09.02).]
\scratchcounter=\count105
\scratchdimen=\dimen120
\scratchbox=\box30
\nofMPsegments=\count106
\nofMParguments=\count107
\everyMPshowfont=\toks21
\MPscratchCnt=\count108
\MPscratchDim=\dimen121
\MPnumerator=\count109
\everyMPtoPDFconversion=\toks22
)

LaTeX Font Warning: Font shape `OT1/cmss/b/n' undefined
(Font)              using `OT1/cmss/m/n' instead on input line 28.


LaTeX Font Warning: Font shape `OT1/cmss/m/n' in size <20> not available
(Font)              size <20.74> substituted on input line 28.

[1

{C:/ProgramData/MiKTeX/2.9/pdftex/config/pdftex.map}]
(E:\matjaz\BarrettHand\report\report.toc
LaTeX Font Info:    External font `cmex10' loaded for size
(Font)              <12> on input line 2.
LaTeX Font Info:    External font `cmex10' loaded for size
(Font)              <8> on input line 2.
LaTeX Font Info:    External font `cmex10' loaded for size
(Font)              <6> on input line 2.
)
\tf@toc=\write4
 [2]
Missing character: There is no ™ in font cmr12!
Missing character: There is no ™ in font cmr12!
Missing character: There is no “ in font cmr12!
Missing character: There is no ” in font cmr12!
Missing character: There is no “ in font cmr12!
Missing character: There is no ” in font cmr12!
Missing character: There is no ™ in font cmr12!
Missing character: There is no ’ in font cmr12!
Missing character: There is no ™ in font cmr12!
Missing character: There is no ™ in font cmr12!
Package epstopdf Info: Source file: <images/eps//barrettIntro.eps>
(epstopdf)                    date: 2011-08-10 13:34:58
(epstopdf)                    size: 2445018 bytes
(epstopdf)             Output file: <images/eps//barrettIntro-eps-converted-to.
pdf>
(epstopdf)                    date: 2011-08-10 13:35:40
(epstopdf)                    size: 67778 bytes
(epstopdf)             Command: <epstopdf --outfile=images/eps//barrettIntro-ep
s-converted-to.pdf images/eps//barrettIntro.eps>
(epstopdf)             \includegraphics on input line 74.
Package epstopdf Info: Output file is already uptodate.

<images/eps//barrettIntro-eps-converted-to.pdf, id=83, 859.21pt x 742.775pt>
File: images/eps//barrettIntro-eps-converted-to.pdf Graphic file (type pdf)

<use images/eps//barrettIntro-eps-converted-to.pdf> [3pdfTeX warning (ext4): de
stination with the same identifier (name{figure.1}) has been already used, dupl
icate ignored

\AtBegShi@Output ...ipout \box \AtBeginShipoutBox 
                                                  \fi \fi 
l.80 
      <E:/matjaz/BarrettHand/report/images/eps//barrettIntro-eps-converted-to.p
df>] [4] <images/bitmap//Sconsole.png, id=112, 519.44063pt x 266.49562pt>
File: images/bitmap//Sconsole.png Graphic file (type png)

<use images/bitmap//Sconsole.png> [5pdfTeX warning (ext4): destination with the
 same identifier (name{figure.2}) has been already used, duplicate ignored

\AtBegShi@Output ...ipout \box \AtBeginShipoutBox 
                                                  \fi \fi 
l.153 \end{center}
                  pdfTeX warning (ext4): destination with the same identifier (
name{table.1}) has been already used, duplicate ignored

\AtBegShi@Output ...ipout \box \AtBeginShipoutBox 
                                                  \fi \fi 
l.153 \end{center}
                   <E:/matjaz/BarrettHand/report/images/bitmap//Sconsole.png>]
<images/bitmap//Sclient.png, id=122, 717.68124pt x 362.35374pt>
File: images/bitmap//Sclient.png Graphic file (type png)

<use images/bitmap//Sclient.png> [6pdfTeX warning (ext4): destination with the 
same identifier (name{figure.3}) has been already used, duplicate ignored

\AtBegShi@Output ...ipout \box \AtBeginShipoutBox 
                                                  \fi \fi 
l.193 \subsection
                 {Real-Time Server} <E:/matjaz/BarrettHand/report/images/bitmap
//Sclient.png>]
<images/bitmap//RTconsole.png, id=133, 518.6878pt x 265.74281pt>
File: images/bitmap//RTconsole.png Graphic file (type png)

<use images/bitmap//RTconsole.png> [7pdfTeX warning (ext4): destination with th
e same identifier (name{figure.4}) has been already used, duplicate ignored

\AtBegShi@Output ...ipout \box \AtBeginShipoutBox 
                                                  \fi \fi 
l.209 \end{center}
                   <E:/matjaz/BarrettHand/report/images/bitmap//RTconsole.png>]
Package epstopdf Info: Source file: <images/eps//sendRec.eps>
(epstopdf)                    date: 2012-03-27 13:22:47
(epstopdf)                    size: 692870 bytes
(epstopdf)             Output file: <images/eps//sendRec-eps-converted-to.pdf>
(epstopdf)                    date: 2012-03-27 13:26:01
(epstopdf)                    size: 20834 bytes
(epstopdf)             Command: <epstopdf --outfile=images/eps//sendRec-eps-con
verted-to.pdf images/eps//sendRec.eps>
(epstopdf)             \includegraphics on input line 232.
Package epstopdf Info: Output file is already uptodate.
<images/eps//sendRec-eps-converted-to.pdf, id=145, 547.04375pt x 171.64125pt>
File: images/eps//sendRec-eps-converted-to.pdf Graphic file (type pdf)

<use images/eps//sendRec-eps-converted-to.pdf>
<images/bitmap//openGL.png, id=148, 395.22656pt x 334.24875pt>
File: images/bitmap//openGL.png Graphic file (type png)

<use images/bitmap//openGL.png>

LaTeX Warning: `!h' float specifier changed to `!ht'.

Package epstopdf Info: Source file: <images/eps//simmodel2.eps>
(epstopdf)                    date: 2012-03-27 14:13:38
(epstopdf)                    size: 366438 bytes
(epstopdf)             Output file: <images/eps//simmodel2-eps-converted-to.pdf
>
(epstopdf)                    date: 2012-03-27 14:13:54
(epstopdf)                    size: 18864 bytes
(epstopdf)             Command: <epstopdf --outfile=images/eps//simmodel2-eps-c
onverted-to.pdf images/eps//simmodel2.eps>
(epstopdf)             \includegraphics on input line 252.
Package epstopdf Info: Output file is already uptodate.

<images/eps//simmodel2-eps-converted-to.pdf, id=150, 183.68625pt x 255.95625pt>
File: images/eps//simmodel2-eps-converted-to.pdf Graphic file (type pdf)
<use images/eps//simmodel2-eps-converted-to.pdf>
<images/bitmap//simmask.png, id=151, 632.3625pt x 577.15625pt>
File: images/bitmap//simmask.png Graphic file (type png)

<use images/bitmap//simmask.png>

LaTeX Warning: `!h' float specifier changed to `!ht'.

[8pdfTeX warning (ext4): destination with the same identifier (name{table.2}) h
as been already used, duplicate ignored

\AtBegShi@Output ...ipout \box \AtBeginShipoutBox 
                                                  \fi \fi 
l.263 \item[Torque control.]
                             Server expects values of torque. For example, t...
pdfTeX warning (ext4): destination with the same identifier (name{figure.5}) ha
s been already used, duplicate ignored

\AtBegShi@Output ...ipout \box \AtBeginShipoutBox 
                                                  \fi \fi 
l.263 \item[Torque control.]
                             Server expects values of torque. For example, t...
 <E:/matjaz/BarrettHand/report/images/eps//sendRec-eps-converted-to.pdf>]
[9pdfTeX warning (ext4): destination with the same identifier (name{figure.6}) 
has been already used, duplicate ignored

\AtBegShi@Output ...ipout \box \AtBeginShipoutBox 
                                                  \fi \fi 
l.264 \item[Other.]
                    This mode is reserved for any custom implementation of c...
pdfTeX warning (ext4): destination with the same identifier (name{figure.7}) ha
s been already used, duplicate ignored

\AtBegShi@Output ...ipout \box \AtBeginShipoutBox 
                                                  \fi \fi 
l.264 \item[Other.]
                    This mode is reserved for any custom implementation of c...
 <E:/matjaz/BarrettHand/report/images/bitmap//openGL.png> <E:/matjaz/BarrettHan
d/report/images/eps//simmodel2-eps-converted-to.pdf> <E:/matjaz/BarrettHand/rep
ort/images/bitmap//simmask.png>]
<images/bitmap//launcher.png, id=180, 180.675pt x 230.36063pt>
File: images/bitmap//launcher.png Graphic file (type png)

<use images/bitmap//launcher.png> [10pdfTeX warning (ext4): destination with th
e same identifier (name{figure.8}) has been already used, duplicate ignored

\AtBegShi@Output ...ipout \box \AtBeginShipoutBox 
                                                  \fi \fi 
l.298 \emph
           {main.cpp} is the main file, program entry is here. It contains t...
 <E:/matjaz/BarrettHand/report/images/bitmap//launcher.png>]
LaTeX Font Info:    Try loading font information for OMS+cmr on input line 298.


("C:\Program Files (x86)\MiKTeX 2.9\tex\latex\base\omscmr.fd"
File: omscmr.fd 1999/05/25 v2.5h Standard LaTeX font definitions
)
LaTeX Font Info:    Font shape `OMS/cmr/m/n' in size <12> not available
(Font)              Font shape `OMS/cmsy/m/n' tried instead on input line 298.
Package atveryend Info: Empty hook `BeforeClearDocument' on input line 342.
 [11]
Package atveryend Info: Empty hook `AfterLastShipout' on input line 342.

(E:\matjaz\BarrettHand\report\report.aux)
Package atveryend Info: Executing hook `AtVeryEndDocument' on input line 342.
Package atveryend Info: Executing hook `AtEndAfterFileList' on input line 342.
Package rerunfilecheck Info: File `report.out' has not changed.
(rerunfilecheck)             Checksum: BAFFB8C19A9BA8D8397FE0776A8D5EF0;812.


LaTeX Font Warning: Size substitutions with differences
(Font)              up to 0.74pt have occurred.


LaTeX Font Warning: Some font shapes were not available, defaults substituted.

Package atveryend Info: Empty hook `AtVeryVeryEnd' on input line 342.
 ) 
Here is how much of TeX's memory you used:
 6218 strings out of 494053
 91055 string characters out of 3146186
 184575 words of memory out of 3000000
 9392 multiletter control sequences out of 15000+200000
 9988 words of font info for 35 fonts, out of 3000000 for 9000
 715 hyphenation exceptions out of 8191
 41i,10n,35p,705b,381s stack positions out of 5000i,500n,10000p,200000b,50000s
<C:/Program Files (x86)/MiKTeX 2.9/fonts/type1/public/amsfonts/cm/cmbx12.pfb>
<C:/Program Files (x86)/MiKTeX 2.9/fonts/type1/public/amsfonts/cm/cmmi12.pfb><C
:/Program Files (x86)/MiKTeX 2.9/fonts/type1/public/amsfonts/cm/cmr12.pfb><C:/P
rogram Files (x86)/MiKTeX 2.9/fonts/type1/public/amsfonts/cm/cmss17.pfb><C:/Pro
gram Files (x86)/MiKTeX 2.9/fonts/type1/public/amsfonts/cm/cmsy10.pfb><C:/Progr
am Files (x86)/MiKTeX 2.9/fonts/type1/public/amsfonts/cm/cmti12.pfb><C:/Program
 Files (x86)/MiKTeX 2.9/fonts/type1/public/amsfonts/cm/cmtt12.pfb><C:/Program F
iles (x86)/MiKTeX 2.9/fonts/type1/public/amsfonts/latxfont/lcircle1.pfb>
Output written on report.pdf (11 pages, 330230 bytes).
PDF statistics:
 233 PDF objects out of 1000 (max. 8388607)
 42 named destinations out of 1000 (max. 500000)
 150 words of extra memory for PDF output out of 10000 (max. 10000000)

