Z:\BARRETTHAND\BIN-WIN\RTSERVER.EXE
Z:\BARRETTHAND\RTSERVER\RELEASE\APP.OBJ
Z:\BARRETTHAND\RTSERVER\RELEASE\BH280.OBJ
Z:\BARRETTHAND\RTSERVER\RELEASE\BHANDAPPHELPER.OBJ
Z:\BarrettHand\RtServer\Release\cl.command.1.tlog
Z:\BarrettHand\RtServer\Release\CL.read.1.tlog
Z:\BarrettHand\RtServer\Release\CL.write.1.tlog
Z:\BARRETTHAND\RTSERVER\RELEASE\GRAPHICS.OBJ
Z:\BarrettHand\RtServer\Release\link.command.1.tlog
Z:\BarrettHand\RtServer\Release\link.read.1.tlog
Z:\BarrettHand\RtServer\Release\link.write.1.tlog
Z:\BARRETTHAND\RTSERVER\RELEASE\MAIN.OBJ
Z:\BarrettHand\RtServer\Release\mt.command.1.tlog
Z:\BarrettHand\RtServer\Release\mt.read.1.tlog
Z:\BarrettHand\RtServer\Release\mt.write.1.tlog
Z:\BARRETTHAND\RTSERVER\RELEASE\RTSERVER.EXE.INTERMEDIATE.MANIFEST
Z:\BARRETTHAND\RTSERVER\RELEASE\RTSERVER.PCH
Z:\BARRETTHAND\RTSERVER\RELEASE\SERVER.OBJ
Z:\BARRETTHAND\RTSERVER\RELEASE\STDAFX.OBJ
Z:\BARRETTHAND\RTSERVER\RELEASE\TIMEOFDAY.OBJ
Z:\BARRETTHAND\RTSERVER\RELEASE\VC100.PDB
