Build started 23.3.2012 14:31:50.
     1>Project "Z:\BarrettHand\RtServer\bhRTserver.vcxproj" on node 2 (build target(s)).
     1>InitializeBuildStatus:
         Touching "Release\RTserver.unsuccessfulbuild".
       ClCompile:
         All outputs are up-to-date.
         All outputs are up-to-date.
     1>C:\Program Files (x86)\MSBuild\Microsoft.Cpp\v4.0\Microsoft.CppBuild.targets(990,5): warning MSB8012: TargetPath(Z:\BarrettHand\Release\RTserver.exe) does not match the Linker's OutputFile property value (Z:\BarrettHand\bin-win\RTserver.exe). This may cause your project to build incorrectly. To correct this, please make sure that $(OutDir), $(TargetName) and $(TargetExt) property values match the value specified in %(Link.OutputFile).
       Link:
         C:\Program Files (x86)\Microsoft Visual Studio 10.0\VC\bin\link.exe /ERRORREPORT:PROMPT /OUT:"..\bin-win\RTserver.exe" /INCREMENTAL:NO /NOLOGO /LIBPATH:.\openGL /LIBPATH:"C:\Program Files (x86)\Barrett Technology\BHand\ThirdParty\ctb-0.14\lib" /LIBPATH:"C:\Program Files (x86)\Barrett Technology\BHand\ThirdParty\lib" /LIBPATH:"C:\poco-1.3.6p2\lib" /LIBPATH:"C:\wxWidgets-2.8.11\lib\vc_lib" /LIBPATH:"C:\Program Files (x86)\Barrett Technology\BHand\API\lib" PocoFoundationmt.lib BHand.lib wxmsw28_gl.lib wxmsw28_core.lib wxbase28.lib comctl32.lib rpcrt4.lib wsock32.lib opengl32.lib glu32.lib glut32.lib Pcan_usb.lib winmm.lib kernel32.lib user32.lib gdi32.lib winspool.lib comdlg32.lib advapi32.lib shell32.lib ole32.lib oleaut32.lib uuid.lib odbc32.lib odbccp32.lib /MANIFEST /ManifestFile:"Release\RTserver.exe.intermediate.manifest" /MANIFESTUAC:"level='asInvoker' uiAccess='false'" /PDB:"Z:\BarrettHand\Release\RTserver.pdb" /SUBSYSTEM:CONSOLE /LTCG /TLBID:1 /DYNAMICBASE /NXCOMPAT /IMPLIB:"Z:\BarrettHand\Release\RTserver.lib" /MACHINE:X86 Release\BHandAppHelper.obj
         Release\timeofday.obj
         Release\app.obj
         Release\bh280.obj
         Release\main.obj
         Release\server.obj
         Release\stdafx.obj
         Generating code
         Finished generating code
         bhRTserver.vcxproj -> Z:\BarrettHand\Release\RTserver.exe
       Manifest:
         C:\Program Files (x86)\Microsoft SDKs\Windows\v7.0A\bin\mt.exe /nologo /verbose /outputresource:"..\bin-win\RTserver.exe;#1" /manifest Release\RTserver.exe.intermediate.manifest
       FinalizeBuildStatus:
         Deleting file "Release\RTserver.unsuccessfulbuild".
         Touching "Release\RTserver.lastbuildstate".
     1>Done Building Project "Z:\BarrettHand\RtServer\bhRTserver.vcxproj" (build target(s)).

Build succeeded.

Time Elapsed 00:00:02.43
