Z:\BARRETTHAND\BHRTSERVER\RELEASE\APP.OBJ
Z:\BARRETTHAND\BHRTSERVER\RELEASE\BH280.OBJ
Z:\BARRETTHAND\BHRTSERVER\RELEASE\BHANDAPPHELPER.OBJ
Z:\BARRETTHAND\BHRTSERVER\RELEASE\BHRTSERVER.PCH
Z:\BARRETTHAND\BHRTSERVER\RELEASE\MAIN.OBJ
Z:\BARRETTHAND\BHRTSERVER\RELEASE\SERVER.OBJ
Z:\BARRETTHAND\BHRTSERVER\RELEASE\STDAFX.OBJ
Z:\BARRETTHAND\BHRTSERVER\RELEASE\TIMEOFDAY.OBJ
Z:\BARRETTHAND\BHRTSERVER\RELEASE\VC100.PDB
Z:\BARRETTHAND\BIN-WIN\BHRTSERVER.EXE
Z:\BARRETTHAND\BIN-WIN\RTSERVER.EXE
Z:\BARRETTHAND\RTSERVER\RELEASE\APP.OBJ
Z:\BARRETTHAND\RTSERVER\RELEASE\BH280.OBJ
Z:\BarrettHand\RtServer\Release\BHandAppHelper.obj
Z:\BarrettHand\RtServer\Release\bhRTserver.exe.intermediate.manifest
Z:\BarrettHand\RtServer\Release\bhRTserver.pch
Z:\BarrettHand\RtServer\Release\cl.command.1.tlog
Z:\BarrettHand\RtServer\Release\CL.read.1.tlog
Z:\BarrettHand\RtServer\Release\CL.write.1.tlog
Z:\BarrettHand\RtServer\Release\link.command.1.tlog
Z:\BarrettHand\RtServer\Release\link.read.1.tlog
Z:\BarrettHand\RtServer\Release\link.write.1.tlog
Z:\BARRETTHAND\RTSERVER\RELEASE\MAIN.OBJ
Z:\BarrettHand\RtServer\Release\mt.command.1.tlog
Z:\BarrettHand\RtServer\Release\mt.read.1.tlog
Z:\BarrettHand\RtServer\Release\mt.write.1.tlog
Z:\BarrettHand\RtServer\Release\RTserver.exe.intermediate.manifest
Z:\BARRETTHAND\RTSERVER\RELEASE\RTSERVER.PCH
Z:\BARRETTHAND\RTSERVER\RELEASE\SERVER.OBJ
Z:\BARRETTHAND\RTSERVER\RELEASE\STDAFX.OBJ
Z:\BarrettHand\RtServer\Release\timeofday.obj
Z:\BARRETTHAND\RTSERVER\RELEASE\VC100.PDB
