Build started 2.4.2012 17:02:36.
     1>Project "Z:\BarrettHand\ClientTemplate\ClientTemplate.vcxproj" on node 2 (build target(s)).
     1>InitializeBuildStatus:
         Touching "Release\ClientTemplate.unsuccessfulbuild".
       ClCompile:
         All outputs are up-to-date.
         C:\Program Files (x86)\Microsoft Visual Studio 10.0\VC\bin\CL.exe /c /I.\port2win /I"C:\Program Files (x86)\Barrett Technology\BHand\ThirdParty\include" /I"C:\Program Files (x86)\Barrett Technology\BHand\ThirdParty\ctb-0.14\include" /I"C:\Program Files (x86)\Barrett Technology\BHand\ThirdParty\Pcan" /I"C:\poco-1.3.6p2\Foundation\include" /I"C:\wxWidgets-2.8.11\lib\vc_lib\msw\wx" /I"C:\wxWidgets-2.8.11\lib\vc_lib\msw" /I"C:\wxWidgets-2.8.11\include" /I"C:\Program Files (x86)\Barrett Technology\BHand\API" /I..\openGL\GL /Zi /nologo /W3 /WX- /O2 /Oi /Oy- /GL /D POCO_STATIC /D __WXMSW__ /D _WINDOWS /D WIN32 /D NDEBUG /D _CONSOLE /D WINDOWS /D _CRT_SECURE_NO_DEPRECATE /D _UNICODE /D UNICODE /GF /Gm- /EHsc /MD /GS /Gy /fp:precise /Zc:wchar_t /Zc:forScope /Fo"Release\\" /Fd"Release\vc100.pdb" /Gd /TP /analyze- /errorReport:prompt main.cpp
         main.cpp
     1>z:\barretthand\clienttemplate\client.h(13): warning C4067: unexpected tokens following preprocessor directive - expected a newline
     1>z:\barretthand\clienttemplate\app.h(24): warning C4067: unexpected tokens following preprocessor directive - expected a newline
     1>C:\Program Files (x86)\MSBuild\Microsoft.Cpp\v4.0\Microsoft.CppBuild.targets(990,5): warning MSB8012: TargetPath(Z:\BarrettHand\Release\ClientTemplate.exe) does not match the Linker's OutputFile property value (Z:\BarrettHand\bin-win\ClientTemplate.exe). This may cause your project to build incorrectly. To correct this, please make sure that $(OutDir), $(TargetName) and $(TargetExt) property values match the value specified in %(Link.OutputFile).
       Link:
         C:\Program Files (x86)\Microsoft Visual Studio 10.0\VC\bin\link.exe /ERRORREPORT:PROMPT /OUT:"..\bin-win\ClientTemplate.exe" /INCREMENTAL:NO /NOLOGO /LIBPATH:.\openGL /LIBPATH:"C:\Program Files (x86)\Barrett Technology\BHand\ThirdParty\ctb-0.14\lib" /LIBPATH:"C:\Program Files (x86)\Barrett Technology\BHand\ThirdParty\lib" /LIBPATH:"C:\poco-1.3.6p2\lib" /LIBPATH:"C:\wxWidgets-2.8.11\lib\vc_lib" /LIBPATH:"C:\Program Files (x86)\Barrett Technology\BHand\API\lib" PocoFoundationmt.lib BHand.lib wxmsw28_gl.lib wxmsw28_core.lib wxbase28.lib comctl32.lib rpcrt4.lib wsock32.lib opengl32.lib glu32.lib glut32.lib Pcan_usb.lib winmm.lib kernel32.lib user32.lib gdi32.lib winspool.lib comdlg32.lib advapi32.lib shell32.lib ole32.lib oleaut32.lib uuid.lib odbc32.lib odbccp32.lib /MANIFEST /ManifestFile:"Release\ClientTemplate.exe.intermediate.manifest" /MANIFESTUAC:"level='asInvoker' uiAccess='false'" /PDB:"Z:\BarrettHand\Release\ClientTemplate.pdb" /SUBSYSTEM:CONSOLE /LTCG /TLBID:1 /DYNAMICBASE /NXCOMPAT /IMPLIB:"Z:\BarrettHand\Release\ClientTemplate.lib" /MACHINE:X86 Release\BHandAppHelper.obj
         Release\timeofday.obj
         Release\app.obj
         Release\client.obj
         Release\main.obj
         Release\stdafx.obj
         Generating code
         Finished generating code
         ClientTemplate.vcxproj -> Z:\BarrettHand\Release\ClientTemplate.exe
       Manifest:
         C:\Program Files (x86)\Microsoft SDKs\Windows\v7.0A\bin\mt.exe /nologo /verbose /outputresource:"..\bin-win\ClientTemplate.exe;#1" /manifest Release\ClientTemplate.exe.intermediate.manifest
       FinalizeBuildStatus:
         Deleting file "Release\ClientTemplate.unsuccessfulbuild".
         Touching "Release\ClientTemplate.lastbuildstate".
     1>Done Building Project "Z:\BarrettHand\ClientTemplate\ClientTemplate.vcxproj" (build target(s)).

Build succeeded.

Time Elapsed 00:00:04.87
