Z:\BARRETTHAND\BIN-WIN\OFFLINEWRAPPER.EXE
Z:\BARRETTHAND\OFFLINEWRAPPER\RELEASE\APP.OBJ
Z:\BARRETTHAND\OFFLINEWRAPPER\RELEASE\BH280.OBJ
Z:\BARRETTHAND\OFFLINEWRAPPER\RELEASE\BHANDAPPHELPER.OBJ
Z:\BarrettHand\OfflineWrapper\Release\cl.command.1.tlog
Z:\BarrettHand\OfflineWrapper\Release\CL.read.1.tlog
Z:\BarrettHand\OfflineWrapper\Release\CL.write.1.tlog
Z:\BARRETTHAND\OFFLINEWRAPPER\RELEASE\GRAPHICS.OBJ
Z:\BarrettHand\OfflineWrapper\Release\link.command.1.tlog
Z:\BarrettHand\OfflineWrapper\Release\link.read.1.tlog
Z:\BarrettHand\OfflineWrapper\Release\link.write.1.tlog
Z:\BARRETTHAND\OFFLINEWRAPPER\RELEASE\MAIN.OBJ
Z:\BarrettHand\OfflineWrapper\Release\mt.command.1.tlog
Z:\BarrettHand\OfflineWrapper\Release\mt.read.1.tlog
Z:\BarrettHand\OfflineWrapper\Release\mt.write.1.tlog
Z:\BARRETTHAND\OFFLINEWRAPPER\RELEASE\OFFLINEWRAPPER.EXE.INTERMEDIATE.MANIFEST
Z:\BARRETTHAND\OFFLINEWRAPPER\RELEASE\OFFLINEWRAPPER.PCH
Z:\BARRETTHAND\OFFLINEWRAPPER\RELEASE\STDAFX.OBJ
Z:\BARRETTHAND\OFFLINEWRAPPER\RELEASE\TIMEOFDAY.OBJ
Z:\BARRETTHAND\OFFLINEWRAPPER\RELEASE\VC100.PDB
